nohup: ignoring input
Watching for file changes with StatReloader
[28/Feb/2026 23:45:38] "GET /admin/ HTTP/1.1" 302 0
[28/Feb/2026 23:45:38] "GET /admin/login/?next=/admin/ HTTP/1.1" 200 4146
[28/Feb/2026 23:45:38] "GET /static/admin/css/nav_sidebar.css HTTP/1.1" 200 2810
[28/Feb/2026 23:45:38] "GET /static/admin/js/theme.js HTTP/1.1" 200 1653
[28/Feb/2026 23:45:38] "GET /static/admin/css/login.css HTTP/1.1" 200 951
[28/Feb/2026 23:45:38] "GET /static/admin/css/dark_mode.css HTTP/1.1" 200 3538
[28/Feb/2026 23:45:38] "GET /static/admin/css/responsive.css HTTP/1.1" 200 16273
[28/Feb/2026 23:45:38] "GET /static/admin/css/base.css HTTP/1.1" 200 23100
[28/Feb/2026 23:45:38] "GET /static/admin/js/nav_sidebar.js HTTP/1.1" 200 3063
Not Found: /favicon.ico
[28/Feb/2026 23:45:39] "GET /favicon.ico HTTP/1.1" 404 4009
[28/Feb/2026 23:45:40] "GET /admin/ HTTP/1.1" 302 0
[28/Feb/2026 23:45:40] "GET /admin/login/?next=/admin/ HTTP/1.1" 200 4146
[28/Feb/2026 23:45:41] "GET /admin/ HTTP/1.1" 302 0
[28/Feb/2026 23:45:41] "GET /admin/login/?next=/admin/ HTTP/1.1" 200 4146
[28/Feb/2026 23:47:07] "POST /admin/login/?next=/admin/ HTTP/1.1" 200 4335
[28/Feb/2026 23:47:12] "POST /admin/login/?next=/admin/ HTTP/1.1" 200 4335
[28/Feb/2026 23:51:08] "HEAD / HTTP/1.1" 200 0
[28/Feb/2026 23:51:38] "GET /admin/ HTTP/1.1" 302 0
[28/Feb/2026 23:51:38] "GET /admin/login/?next=/admin/ HTTP/1.1" 200 4146
[28/Feb/2026 23:51:38] "GET /static/admin/css/base.css HTTP/1.1" 200 23100
[28/Feb/2026 23:51:38] "GET /static/admin/css/login.css HTTP/1.1" 200 951
[28/Feb/2026 23:51:38] "GET /static/admin/css/dark_mode.css HTTP/1.1" 200 3538
[28/Feb/2026 23:51:38] "GET /static/admin/js/theme.js HTTP/1.1" 200 1653
[28/Feb/2026 23:51:38] "GET /static/admin/css/responsive.css HTTP/1.1" 200 16273
[28/Feb/2026 23:51:38] "GET /static/admin/css/nav_sidebar.css HTTP/1.1" 200 2810
[28/Feb/2026 23:51:38] "GET /static/admin/js/nav_sidebar.js HTTP/1.1" 200 3063
Not Found: /favicon.ico
[28/Feb/2026 23:51:38] "GET /favicon.ico HTTP/1.1" 404 4009
[28/Feb/2026 23:51:57] "POST /admin/login/?next=/admin/ HTTP/1.1" 200 4335
[28/Feb/2026 23:52:29] "POST /admin/login/?next=/admin/ HTTP/1.1" 302 0
[28/Feb/2026 23:52:29] "GET /admin/ HTTP/1.1" 200 11946
[28/Feb/2026 23:52:29] "GET /static/admin/css/dashboard.css HTTP/1.1" 200 441
[28/Feb/2026 23:52:29] "GET /static/admin/img/icon-addlink.svg HTTP/1.1" 200 593
[28/Feb/2026 23:52:29] "GET /static/admin/img/icon-changelink.svg HTTP/1.1" 200 978
[28/Feb/2026 23:52:36] "GET /admin/news_app/adv/add/ HTTP/1.1" 200 14667
[28/Feb/2026 23:52:36] "GET /static/admin/css/forms.css HTTP/1.1" 200 8817
[28/Feb/2026 23:52:36] "GET /static/admin/js/jquery.init.js HTTP/1.1" 200 347
[28/Feb/2026 23:52:36] "GET /static/admin/js/core.js HTTP/1.1" 200 6208
[28/Feb/2026 23:52:36] "GET /static/admin/js/actions.js HTTP/1.1" 200 8076
[28/Feb/2026 23:52:36] "GET /static/admin/js/admin/RelatedObjectLookups.js HTTP/1.1" 200 9777
[28/Feb/2026 23:52:36] "GET /admin/jsi18n/ HTTP/1.1" 200 6989
[28/Feb/2026 23:52:36] "GET /static/admin/js/urlify.js HTTP/1.1" 200 7887
[28/Feb/2026 23:52:36] "GET /static/admin/js/prepopulate.js HTTP/1.1" 200 1531
[28/Feb/2026 23:52:36] "GET /static/admin/css/widgets.css HTTP/1.1" 200 11811
[28/Feb/2026 23:52:36] "GET /static/admin/js/vendor/jquery/jquery.js HTTP/1.1" 200 285314
[28/Feb/2026 23:52:36] "GET /static/admin/js/prepopulate_init.js HTTP/1.1" 200 586
[28/Feb/2026 23:52:36] "GET /static/admin/js/vendor/xregexp/xregexp.js HTTP/1.1" 200 325171
[28/Feb/2026 23:52:36] "GET /static/admin/js/change_form.js HTTP/1.1" 200 606
[28/Feb/2026 23:52:44] "GET /admin/news_app/category/ HTTP/1.1" 200 11366
[28/Feb/2026 23:52:44] "GET /static/admin/css/changelists.css HTTP/1.1" 200 7498
[28/Feb/2026 23:52:44] "GET /admin/jsi18n/ HTTP/1.1" 200 6989
[28/Feb/2026 23:52:44] "GET /static/admin/js/filters.js HTTP/1.1" 200 978
[28/Feb/2026 23:52:44] "GET /static/admin/img/tooltag-add.svg HTTP/1.1" 200 593
[28/Feb/2026 23:52:50] "GET /admin/news_app/category/add/ HTTP/1.1" 200 10084
[28/Feb/2026 23:52:50] "GET /admin/jsi18n/ HTTP/1.1" 200 6989
[28/Feb/2026 23:54:24] "GET /admin/news_app/adv/add/ HTTP/1.1" 200 14667
[28/Feb/2026 23:54:24] "GET /admin/jsi18n/ HTTP/1.1" 200 6989
/home/margulan-stein/Desktop/rpo2-qaznews-project-main/news_app/views.py changed, reloading.
Performing system checks...

System check identified no issues (0 silenced).
February 28, 2026 - 23:43:38
Django version 6.0.2, using settings 'news_project.settings'
Starting development server at http://127.0.0.1:8001/
Quit the server with CONTROL-C.

WARNING: This is a development server. Do not use it in a production setting. Use a production WSGI or ASGI server instead.
For more information on production servers see: https://docs.djangoproject.com/en/6.0/howto/deployment/
Watching for file changes with StatReloader
/home/margulan-stein/Desktop/rpo2-qaznews-project-main/news_app/urls.py changed, reloading.
Performing system checks...

System check identified no issues (0 silenced).
March 01, 2026 - 00:15:28
Django version 6.0.2, using settings 'news_project.settings'
Starting development server at http://127.0.0.1:8001/
Quit the server with CONTROL-C.

WARNING: This is a development server. Do not use it in a production setting. Use a production WSGI or ASGI server instead.
For more information on production servers see: https://docs.djangoproject.com/en/6.0/howto/deployment/
Watching for file changes with StatReloader
/home/margulan-stein/Desktop/rpo2-qaznews-project-main/news_app/views.py changed, reloading.
Performing system checks...

System check identified no issues (0 silenced).
March 01, 2026 - 00:15:40
Django version 6.0.2, using settings 'news_project.settings'
Starting development server at http://127.0.0.1:8001/
Quit the server with CONTROL-C.

WARNING: This is a development server. Do not use it in a production setting. Use a production WSGI or ASGI server instead.
For more information on production servers see: https://docs.djangoproject.com/en/6.0/howto/deployment/
Watching for file changes with StatReloader
Internal Server Error: /news/search/
Traceback (most recent call last):
  File "/home/margulan-stein/.local/lib/python3.14/site-packages/django/core/handlers/exception.py", line 55, in inner
    response = get_response(request)
  File "/home/margulan-stein/.local/lib/python3.14/site-packages/django/core/handlers/base.py", line 198, in _get_response
    response = wrapped_callback(request, *callback_args, **callback_kwargs)
  File "/home/margulan-stein/Desktop/rpo2-qaznews-project-main/news_app/views.py", line 61, in search_page
    return render(request, "search.html")
  File "/home/margulan-stein/.local/lib/python3.14/site-packages/django/shortcuts.py", line 25, in render
    content = loader.render_to_string(template_name, context, request, using=using)
  File "/home/margulan-stein/.local/lib/python3.14/site-packages/django/template/loader.py", line 62, in render_to_string
    return template.render(context, request)
           ~~~~~~~~~~~~~~~^^^^^^^^^^^^^^^^^^
  File "/home/margulan-stein/.local/lib/python3.14/site-packages/django/template/backends/django.py", line 107, in render
    return self.template.render(context)
           ~~~~~~~~~~~~~~~~~~~~^^^^^^^^^
  File "/home/margulan-stein/.local/lib/python3.14/site-packages/django/template/base.py", line 174, in render
    return self._render(context)
           ~~~~~~~~~~~~^^^^^^^^^
  File "/home/margulan-stein/.local/lib/python3.14/site-packages/django/template/base.py", line 166, in _render
    return self.nodelist.render(context)
           ~~~~~~~~~~~~~~~~~~~~^^^^^^^^^
  File "/home/margulan-stein/.local/lib/python3.14/site-packages/django/template/base.py", line 1091, in render
    return SafeString("".join([node.render_annotated(context) for node in self]))
                               ~~~~~~~~~~~~~~~~~~~~~^^^^^^^^^
  File "/home/margulan-stein/.local/lib/python3.14/site-packages/django/template/base.py", line 1052, in render_annotated
    return self.render(context)
           ~~~~~~~~~~~^^^^^^^^^
  File "/home/margulan-stein/.local/lib/python3.14/site-packages/django/template/defaulttags.py", line 511, in render
    url = reverse(view_name, args=args, kwargs=kwargs, current_app=current_app)
  File "/home/margulan-stein/.local/lib/python3.14/site-packages/django/urls/base.py", line 98, in reverse
    resolved_url = resolver._reverse_with_prefix(view, prefix, *args, **kwargs)
  File "/home/margulan-stein/.local/lib/python3.14/site-packages/django/urls/resolvers.py", line 842, in _reverse_with_prefix
    raise NoReverseMatch(msg)
django.urls.exceptions.NoReverseMatch: Reverse for 'about_page' not found. 'about_page' is not a valid view function or pattern name.
[01/Mar/2026 00:20:17] "GET /news/search/ HTTP/1.1" 500 125756
/home/margulan-stein/Desktop/rpo2-qaznews-project-main/news_app/views.py changed, reloading.
Performing system checks...

System check identified no issues (0 silenced).
March 01, 2026 - 00:16:52
Django version 6.0.2, using settings 'news_project.settings'
Starting development server at http://127.0.0.1:8001/
Quit the server with CONTROL-C.

WARNING: This is a development server. Do not use it in a production setting. Use a production WSGI or ASGI server instead.
For more information on production servers see: https://docs.djangoproject.com/en/6.0/howto/deployment/
Watching for file changes with StatReloader
/home/margulan-stein/Desktop/rpo2-qaznews-project-main/news_app/urls.py changed, reloading.
Performing system checks...

System check identified no issues (0 silenced).
March 01, 2026 - 00:21:03
Django version 6.0.2, using settings 'news_project.settings'
Starting development server at http://127.0.0.1:8001/
Quit the server with CONTROL-C.

WARNING: This is a development server. Do not use it in a production setting. Use a production WSGI or ASGI server instead.
For more information on production servers see: https://docs.djangoproject.com/en/6.0/howto/deployment/
Watching for file changes with StatReloader
/home/margulan-stein/Desktop/rpo2-qaznews-project-main/news_app/views.py changed, reloading.
Performing system checks...

System check identified no issues (0 silenced).
March 01, 2026 - 00:21:14
Django version 6.0.2, using settings 'news_project.settings'
Starting development server at http://127.0.0.1:8001/
Quit the server with CONTROL-C.

WARNING: This is a development server. Do not use it in a production setting. Use a production WSGI or ASGI server instead.
For more information on production servers see: https://docs.djangoproject.com/en/6.0/howto/deployment/
Watching for file changes with StatReloader
[01/Mar/2026 00:21:48] "GET /news/search/ HTTP/1.1" 200 19474
[01/Mar/2026 00:21:48] "GET /static/css/styles.css HTTP/1.1" 200 40826
[01/Mar/2026 00:28:57] "GET / HTTP/1.1" 200 20214
[01/Mar/2026 00:28:58] "GET /static/css/styles.css?v=3 HTTP/1.1" 200 40826
[01/Mar/2026 00:28:58] "GET /static/img/logo.svg HTTP/1.1" 200 276
[01/Mar/2026 00:28:58] "GET /static/img/user.svg HTTP/1.1" 404 1850
[01/Mar/2026 00:28:58] "GET /static/img/logo-white.svg HTTP/1.1" 200 272
[01/Mar/2026 00:28:58] "GET /static/js/script.js?v=3 HTTP/1.1" 200 29922
Not Found: /service-worker.js
[01/Mar/2026 00:28:58] "GET /service-worker.js HTTP/1.1" 404 4811
[01/Mar/2026 00:29:30] "GET /admin/news_app/adv/add/ HTTP/1.1" 200 14667
[01/Mar/2026 00:29:30] "GET /admin/jsi18n/ HTTP/1.1" 200 6989
[01/Mar/2026 00:29:31] "GET /admin/news_app/adv/add/ HTTP/1.1" 200 14667
[01/Mar/2026 00:29:31] "GET /admin/jsi18n/ HTTP/1.1" 200 6989
[01/Mar/2026 00:29:31] "GET /admin/news_app/adv/add/ HTTP/1.1" 200 14667
[01/Mar/2026 00:29:31] "GET /admin/jsi18n/ HTTP/1.1" 200 6989
[01/Mar/2026 00:29:31] "GET /admin/news_app/adv/add/ HTTP/1.1" 200 14667
[01/Mar/2026 00:29:31] "GET /admin/jsi18n/ HTTP/1.1" 200 6989
[01/Mar/2026 00:29:31] "GET /admin/news_app/adv/add/ HTTP/1.1" 200 14667
[01/Mar/2026 00:29:31] "GET /admin/jsi18n/ HTTP/1.1" 200 6989
/home/margulan-stein/Desktop/rpo2-qaznews-project-main/news_app/views.py changed, reloading.
Performing system checks...

System check identified no issues (0 silenced).
March 01, 2026 - 00:21:40
Django version 6.0.2, using settings 'news_project.settings'
Starting development server at http://127.0.0.1:8001/
Quit the server with CONTROL-C.

WARNING: This is a development server. Do not use it in a production setting. Use a production WSGI or ASGI server instead.
For more information on production servers see: https://docs.djangoproject.com/en/6.0/howto/deployment/
Watching for file changes with StatReloader
/home/margulan-stein/Desktop/rpo2-qaznews-project-main/news_app/urls.py changed, reloading.
Performing system checks...

System check identified no issues (0 silenced).
March 01, 2026 - 03:19:57
Django version 6.0.2, using settings 'news_project.settings'
Starting development server at http://127.0.0.1:8001/
Quit the server with CONTROL-C.

WARNING: This is a development server. Do not use it in a production setting. Use a production WSGI or ASGI server instead.
For more information on production servers see: https://docs.djangoproject.com/en/6.0/howto/deployment/
Watching for file changes with StatReloader
/home/margulan-stein/Desktop/rpo2-qaznews-project-main/news_app/urls.py changed, reloading.
Performing system checks...

System check identified no issues (0 silenced).
March 01, 2026 - 03:20:06
Django version 6.0.2, using settings 'news_project.settings'
Starting development server at http://127.0.0.1:8001/
Quit the server with CONTROL-C.

WARNING: This is a development server. Do not use it in a production setting. Use a production WSGI or ASGI server instead.
For more information on production servers see: https://docs.djangoproject.com/en/6.0/howto/deployment/
Watching for file changes with StatReloader
/home/margulan-stein/Desktop/rpo2-qaznews-project-main/news_app/views.py changed, reloading.
Performing system checks...

System check identified no issues (0 silenced).
March 01, 2026 - 03:58:39
Django version 6.0.2, using settings 'news_project.settings'
Starting development server at http://127.0.0.1:8001/
Quit the server with CONTROL-C.

WARNING: This is a development server. Do not use it in a production setting. Use a production WSGI or ASGI server instead.
For more information on production servers see: https://docs.djangoproject.com/en/6.0/howto/deployment/
Watching for file changes with StatReloader
/home/margulan-stein/Desktop/rpo2-qaznews-project-main/news_app/views.py changed, reloading.
Performing system checks...

System check identified no issues (0 silenced).
March 01, 2026 - 04:00:40
Django version 6.0.2, using settings 'news_project.settings'
Starting development server at http://127.0.0.1:8001/
Quit the server with CONTROL-C.

WARNING: This is a development server. Do not use it in a production setting. Use a production WSGI or ASGI server instead.
For more information on production servers see: https://docs.djangoproject.com/en/6.0/howto/deployment/
Watching for file changes with StatReloader
/home/margulan-stein/Desktop/rpo2-qaznews-project-main/news_app/views.py changed, reloading.
Performing system checks...

System check identified no issues (0 silenced).
March 01, 2026 - 04:00:59
Django version 6.0.2, using settings 'news_project.settings'
Starting development server at http://127.0.0.1:8001/
Quit the server with CONTROL-C.

WARNING: This is a development server. Do not use it in a production setting. Use a production WSGI or ASGI server instead.
For more information on production servers see: https://docs.djangoproject.com/en/6.0/howto/deployment/
Watching for file changes with StatReloader
/home/margulan-stein/Desktop/rpo2-qaznews-project-main/news_app/urls.py changed, reloading.
Performing system checks...

System check identified no issues (0 silenced).
March 01, 2026 - 04:01:11
Django version 6.0.2, using settings 'news_project.settings'
Starting development server at http://127.0.0.1:8001/
Quit the server with CONTROL-C.

WARNING: This is a development server. Do not use it in a production setting. Use a production WSGI or ASGI server instead.
For more information on production servers see: https://docs.djangoproject.com/en/6.0/howto/deployment/
Watching for file changes with StatReloader
/home/margulan-stein/Desktop/rpo2-qaznews-project-main/news_app/views.py changed, reloading.
Performing system checks...

System check identified no issues (0 silenced).
March 01, 2026 - 04:02:06
Django version 6.0.2, using settings 'news_project.settings'
Starting development server at http://127.0.0.1:8001/
Quit the server with CONTROL-C.

WARNING: This is a development server. Do not use it in a production setting. Use a production WSGI or ASGI server instead.
For more information on production servers see: https://docs.djangoproject.com/en/6.0/howto/deployment/
Watching for file changes with StatReloader
